[08:54:14] Starting frontend boot smoke verification...
[08:54:14] Running Node frontend verifier...
[08:54:15] [2026-03-12T12:54:14.517Z] Starting frontend boot verification...
[08:54:15] node:internal/modules/run_main:107
[08:54:15]     triggerUncaughtException(
[08:54:15]     ^
[08:54:15] System.Management.Automation.RemoteException
[08:54:15] browserType.launch: Executable doesn't exist at C:\Users\sean\AppData\Local\ms-playwright\chromium_headless_shell-1208\chrome-headless-shell-win64\chrome-headless-shell.exe
[08:54:15] Î“Ă²Ă¶Î“Ă²Ă‰Î“Ă²Ă‰Î“Ă²Ă‰Î“Ă²Ă‰Î“Ă²Ă‰Î“Ă²Ă‰Î“Ă²Ă‰Î“Ă²Ă‰Î“Ă²Ă‰Î“Ă²Ă‰Î“Ă²Ă‰Î“Ă²Ă‰Î“Ă²Ă‰Î“Ă²Ă‰Î“Ă²Ă‰Î“Ă²Ă‰Î“Ă²Ă‰Î“Ă²Ă‰Î“Ă²Ă‰Î“Ă²Ă‰Î“Ă²Ă‰Î“Ă²Ă‰Î“Ă²Ă‰Î“Ă²Ă‰Î“Ă²Ă‰Î“Ă²Ă‰Î“Ă²Ă‰Î“Ă²Ă‰Î“Ă²Ă‰Î“Ă²Ă‰Î“Ă²Ă‰Î“Ă²Ă‰Î“Ă²Ă‰Î“Ă²Ă‰Î“Ă²Ă‰Î“Ă²Ă‰Î“Ă²Ă‰Î“Ă²Ă‰Î“Ă²Ă‰Î“Ă²Ă‰Î“Ă²Ă‰Î“Ă²Ă‰Î“Ă²Ă‰Î“Ă²Ă‰Î“Ă²Ă‰Î“Ă²Ă‰Î“Ă²Ă‰Î“Ă²Ă‰Î“Ă²Ă‰Î“Ă²Ă‰Î“Ă²Ă‰Î“Ă²Ă‰Î“Ă²Ă‰Î“Ă²Ă‰Î“Ă²Ă‰Î“Ă²Ă‰Î“Ă²Ă‰Î“Ă²Ă‰Î“Ă²Ă‰Î“Ă²Ă‰Î“Ă²Ă‰Î“Ă²Ă‰Î“Ă²Ă‰Î“Ă²Ă‰Î“Ă²Ă‰Î“Ă²Ă‰Î“Ă²Ă‰Î“Ă²Ă‰Î“Ă²Ă‰Î“Ă²Ă‰Î“Ă²Ă‰Î“Ă²Ă‰Î“Ă²Ă‰Î“Ă²Ă¹
[08:54:15] Î“Ă²Ă¦ Looks like Playwright Test or Playwright was just installed or updated. Î“Ă²Ă¦
[08:54:15] Î“Ă²Ă¦ Please run the following command to download new browsers:              Î“Ă²Ă¦
[08:54:15] Î“Ă²Ă¦                                                                         Î“Ă²Ă¦
[08:54:15] Î“Ă²Ă¦     npx playwright install                                              Î“Ă²Ă¦
[08:54:15] Î“Ă²Ă¦                                                                         Î“Ă²Ă¦
[08:54:15] Î“Ă²Ă¦ <3 Playwright Team                                                      Î“Ă²Ă¦
[08:54:15] Î“Ă²ĂœÎ“Ă²Ă‰Î“Ă²Ă‰Î“Ă²Ă‰Î“Ă²Ă‰Î“Ă²Ă‰Î“Ă²Ă‰Î“Ă²Ă‰Î“Ă²Ă‰Î“Ă²Ă‰Î“Ă²Ă‰Î“Ă²Ă‰Î“Ă²Ă‰Î“Ă²Ă‰Î“Ă²Ă‰Î“Ă²Ă‰Î“Ă²Ă‰Î“Ă²Ă‰Î“Ă²Ă‰Î“Ă²Ă‰Î“Ă²Ă‰Î“Ă²Ă‰Î“Ă²Ă‰Î“Ă²Ă‰Î“Ă²Ă‰Î“Ă²Ă‰Î“Ă²Ă‰Î“Ă²Ă‰Î“Ă²Ă‰Î“Ă²Ă‰Î“Ă²Ă‰Î“Ă²Ă‰Î“Ă²Ă‰Î“Ă²Ă‰Î“Ă²Ă‰Î“Ă²Ă‰Î“Ă²Ă‰Î“Ă²Ă‰Î“Ă²Ă‰Î“Ă²Ă‰Î“Ă²Ă‰Î“Ă²Ă‰Î“Ă²Ă‰Î“Ă²Ă‰Î“Ă²Ă‰Î“Ă²Ă‰Î“Ă²Ă‰Î“Ă²Ă‰Î“Ă²Ă‰Î“Ă²Ă‰Î“Ă²Ă‰Î“Ă²Ă‰Î“Ă²Ă‰Î“Ă²Ă‰Î“Ă²Ă‰Î“Ă²Ă‰Î“Ă²Ă‰Î“Ă²Ă‰Î“Ă²Ă‰Î“Ă²Ă‰Î“Ă²Ă‰Î“Ă²Ă‰Î“Ă²Ă‰Î“Ă²Ă‰Î“Ă²Ă‰Î“Ă²Ă‰Î“Ă²Ă‰Î“Ă²Ă‰Î“Ă²Ă‰Î“Ă²Ă‰Î“Ă²Ă‰Î“Ă²Ă‰Î“Ă²Ă‰Î“Ă²Ă‰Î“Ă²Â¥
[08:54:15]     at main (C:\Users\sean\antigravity-awesome-skills\prototypes\residency-plus\scripts\verify_frontend_boot.mjs:31:34)
[08:54:15]     at async file:///C:/Users/sean/antigravity-awesome-skills/prototypes/residency-plus/scripts/verify_frontend_boot.mjs:98:1 {
[08:54:15]   name: 'Error'
[08:54:15] }
[08:54:15] System.Management.Automation.RemoteException
[08:54:15] Node.js v24.13.0
[08:54:15] Frontend boot verification FAILED.
